This is pdfTeX, Version 3.141592653-2.6-1.40.22 (MiKTeX 21.3) (preloaded format=pdflatex 2021.5.3)  21 JUN 2021 12:45
entering extended mode
**./210428_PROGRAMA_DOCUMENTO_TASA_RENTA.tex
(210428_PROGRAMA_DOCUMENTO_TASA_RENTA.tex
LaTeX2e <2020-10-01> patch level 4
L3 programming layer <2021-02-18> (C:\Users\Camilo\AppData\Local\Programs\MiKTe
X\tex/latex/base\article.cls
Document Class: article 2020/04/10 v1.4m Standard LaTeX document class
(C:\Users\Camilo\AppData\Local\Programs\MiKTeX\tex/latex/base\size12.clo
File: size12.clo 2020/04/10 v1.4m Standard LaTeX file (size option)
)
\c@part=\count179
\c@section=\count180
\c@subsection=\count181
\c@subsubsection=\count182
\c@paragraph=\count183
\c@subparagraph=\count184
\c@figure=\count185
\c@table=\count186
\abovecaptionskip=\skip47
\belowcaptionskip=\skip48
\bibindent=\dimen138
) (C:\Users\Camilo\AppData\Local\Programs\MiKTeX\tex/latex/amsmath\amsmath.sty
Package: amsmath 2020/09/23 v2.17i AMS math features
\@mathmargin=\skip49
For additional information on amsmath, use the `?' option.
(C:\Users\Camilo\AppData\Local\Programs\MiKTeX\tex/latex/amsmath\amstext.sty
Package: amstext 2000/06/29 v2.01 AMS text
(C:\Users\Camilo\AppData\Local\Programs\MiKTeX\tex/latex/amsmath\amsgen.sty
File: amsgen.sty 1999/11/30 v2.0 generic functions
\@emptytoks=\toks15
\ex@=\dimen139
)) (C:\Users\Camilo\AppData\Local\Programs\MiKTeX\tex/latex/amsmath\amsbsy.sty
Package: amsbsy 1999/11/29 v1.2d Bold Symbols
\pmbraise@=\dimen140
) (C:\Users\Camilo\AppData\Local\Programs\MiKTeX\tex/latex/amsmath\amsopn.sty
Package: amsopn 2016/03/08 v2.02 operator names
)
\inf@bad=\count187
LaTeX Info: Redefining \frac on input line 234.
\uproot@=\count188
\leftroot@=\count189
LaTeX Info: Redefining \overline on input line 399.
\classnum@=\count190
\DOTSCASE@=\count191
LaTeX Info: Redefining \ldots on input line 496.
LaTeX Info: Redefining \dots on input line 499.
LaTeX Info: Redefining \cdots on input line 620.
\Mathstrutbox@=\box47
\strutbox@=\box48
\big@size=\dimen141
LaTeX Font Info:    Redeclaring font encoding OML on input line 743.
LaTeX Font Info:    Redeclaring font encoding OMS on input line 744.
\macc@depth=\count192
\c@MaxMatrixCols=\count193
\dotsspace@=\muskip16
\c@parentequation=\count194
\dspbrk@lvl=\count195
\tag@help=\toks16
\row@=\count196
\column@=\count197
\maxfields@=\count198
\andhelp@=\toks17
\eqnshift@=\dimen142
\alignsep@=\dimen143
\tagshift@=\dimen144
\tagwidth@=\dimen145
\totwidth@=\dimen146
\lineht@=\dimen147
\@envbody=\toks18
\multlinegap=\skip50
\multlinetaggap=\skip51
\mathdisplay@stack=\toks19
LaTeX Info: Redefining \[ on input line 2923.
LaTeX Info: Redefining \] on input line 2924.
) (C:\Users\Camilo\AppData\Local\Programs\MiKTeX\tex/latex/amsfonts\amssymb.sty
Package: amssymb 2013/01/14 v3.01 AMS font symbols
(C:\Users\Camilo\AppData\Local\Programs\MiKTeX\tex/latex/amsfonts\amsfonts.sty
Package: amsfonts 2013/01/14 v3.01 Basic AMSFonts support
\symAMSa=\mathgroup4
\symAMSb=\mathgroup5
LaTeX Font Info:    Redeclaring math symbol \hbar on input line 98.
LaTeX Font Info:    Overwriting math alphabet `\mathfrak' in version `bold'
(Font)                  U/euf/m/n --> U/euf/b/n on input line 106.
)) (C:\Users\Camilo\AppData\Local\Programs\MiKTeX\tex/latex/lm\lmodern.sty
Package: lmodern 2009/10/30 v1.6 Latin Modern Fonts
LaTeX Font Info:    Overwriting symbol font `operators' in version `normal'
(Font)                  OT1/cmr/m/n --> OT1/lmr/m/n on input line 22.
LaTeX Font Info:    Overwriting symbol font `letters' in version `normal'
(Font)                  OML/cmm/m/it --> OML/lmm/m/it on input line 23.
LaTeX Font Info:    Overwriting symbol font `symbols' in version `normal'
(Font)                  OMS/cmsy/m/n --> OMS/lmsy/m/n on input line 24.
LaTeX Font Info:    Overwriting symbol font `largesymbols' in version `normal'
(Font)                  OMX/cmex/m/n --> OMX/lmex/m/n on input line 25.
LaTeX Font Info:    Overwriting symbol font `operators' in version `bold'
(Font)                  OT1/cmr/bx/n --> OT1/lmr/bx/n on input line 26.
LaTeX Font Info:    Overwriting symbol font `letters' in version `bold'
(Font)                  OML/cmm/b/it --> OML/lmm/b/it on input line 27.
LaTeX Font Info:    Overwriting symbol font `symbols' in version `bold'
(Font)                  OMS/cmsy/b/n --> OMS/lmsy/b/n on input line 28.
LaTeX Font Info:    Overwriting symbol font `largesymbols' in version `bold'
(Font)                  OMX/cmex/m/n --> OMX/lmex/m/n on input line 29.
LaTeX Font Info:    Overwriting math alphabet `\mathbf' in version `normal'
(Font)                  OT1/cmr/bx/n --> OT1/lmr/bx/n on input line 31.
LaTeX Font Info:    Overwriting math alphabet `\mathsf' in version `normal'
(Font)                  OT1/cmss/m/n --> OT1/lmss/m/n on input line 32.
LaTeX Font Info:    Overwriting math alphabet `\mathit' in version `normal'
(Font)                  OT1/cmr/m/it --> OT1/lmr/m/it on input line 33.
LaTeX Font Info:    Overwriting math alphabet `\mathtt' in version `normal'
(Font)                  OT1/cmtt/m/n --> OT1/lmtt/m/n on input line 34.
LaTeX Font Info:    Overwriting math alphabet `\mathbf' in version `bold'
(Font)                  OT1/cmr/bx/n --> OT1/lmr/bx/n on input line 35.
LaTeX Font Info:    Overwriting math alphabet `\mathsf' in version `bold'
(Font)                  OT1/cmss/bx/n --> OT1/lmss/bx/n on input line 36.
LaTeX Font Info:    Overwriting math alphabet `\mathit' in version `bold'
(Font)                  OT1/cmr/bx/it --> OT1/lmr/bx/it on input line 37.
LaTeX Font Info:    Overwriting math alphabet `\mathtt' in version `bold'
(Font)                  OT1/cmtt/m/n --> OT1/lmtt/m/n on input line 38.
) (C:\Users\Camilo\AppData\Local\Programs\MiKTeX\tex/generic/iftex\ifxetex.sty
Package: ifxetex 2019/10/25 v0.7 ifxetex legacy package. Use iftex instead.
(C:\Users\Camilo\AppData\Local\Programs\MiKTeX\tex/generic/iftex\iftex.sty
Package: iftex 2020/03/06 v1.0d TeX engine tests
)) (C:\Users\Camilo\AppData\Local\Programs\MiKTeX\tex/generic/iftex\ifluatex.st
y
Package: ifluatex 2019/10/25 v1.5 ifluatex legacy package. Use iftex instead.
) (C:\Users\Camilo\AppData\Local\Programs\MiKTeX\tex/latex/base\fontenc.sty
Package: fontenc 2020/08/10 v2.0s Standard LaTeX package
LaTeX Font Info:    Trying to load font information for T1+lmr on input line 11
2.
(C:\Users\Camilo\AppData\Local\Programs\MiKTeX\tex/latex/lm\t1lmr.fd
File: t1lmr.fd 2009/10/30 v1.6 Font defs for Latin Modern
)) (C:\Users\Camilo\AppData\Local\Programs\MiKTeX\tex/latex/base\inputenc.sty
Package: inputenc 2020/08/01 v1.3d Input encoding file
\inpenc@prehook=\toks20
\inpenc@posthook=\toks21
) (C:\Users\Camilo\AppData\Local\Programs\MiKTeX\tex/latex/base\textcomp.sty
Package: textcomp 2020/02/02 v2.0n Standard LaTeX package
) (C:\Users\Camilo\AppData\Local\Programs\MiKTeX\tex/latex/upquote\upquote.sty
Package: upquote 2012/04/19 v1.3 upright-quote and grave-accent glyphs in verba
tim
)
(C:\Users\Camilo\AppData\Local\Programs\MiKTeX\tex/latex/microtype\microtype.st
y
Package: microtype 2021/03/14 v2.8c Micro-typographical refinements (RS)
(C:\Users\Camilo\AppData\Local\Programs\MiKTeX\tex/latex/graphics\keyval.sty
Package: keyval 2014/10/28 v1.15 key=value parser (DPC)
\KV@toks@=\toks22
)
\MT@toks=\toks23
\MT@count=\count199
LaTeX Info: Redefining \textls on input line 790.
\MT@outer@kern=\dimen148
LaTeX Info: Redefining \textmicrotypecontext on input line 1374.
\MT@listname@count=\count266

(C:\Users\Camilo\AppData\Local\Programs\MiKTeX\tex/latex/microtype\microtype-pd
ftex.def
File: microtype-pdftex.def 2021/03/14 v2.8c Definitions specific to pdftex (RS)

LaTeX Info: Redefining \lsstyle on input line 915.
LaTeX Info: Redefining \lslig on input line 915.
\MT@outer@space=\skip52
)
Package microtype Info: Loading configuration file microtype.cfg.

(C:\Users\Camilo\AppData\Local\Programs\MiKTeX\tex/latex/microtype\microtype.cf
g
File: microtype.cfg 2021/03/14 v2.8c microtype main configuration file (RS)
)) (C:\Users\Camilo\AppData\Local\Programs\MiKTeX\tex/latex/parskip\parskip.sty
Package: parskip 2021-03-14 v2.0h non-zero parskip adjustments

(C:\Users\Camilo\AppData\Local\Programs\MiKTeX\tex/latex/kvoptions\kvoptions.st
y
Package: kvoptions 2020-10-07 v3.14 Key value format for package options (HO)
(C:\Users\Camilo\AppData\Local\Programs\MiKTeX\tex/generic/ltxcmds\ltxcmds.sty
Package: ltxcmds 2020-05-10 v1.25 LaTeX kernel commands for general use (HO)
)
(C:\Users\Camilo\AppData\Local\Programs\MiKTeX\tex/generic/kvsetkeys\kvsetkeys.
sty
Package: kvsetkeys 2019/12/15 v1.18 Key value parser (HO)
)) (C:\Users\Camilo\AppData\Local\Programs\MiKTeX\tex/latex/etoolbox\etoolbox.s
ty
Package: etoolbox 2020/10/05 v2.5k e-TeX tools for LaTeX (JAW)
\etb@tempcnta=\count267
)) (C:\Users\Camilo\AppData\Local\Programs\MiKTeX\tex/latex/xcolor\xcolor.sty
Package: xcolor 2016/05/11 v2.12 LaTeX color extensions (UK)

(C:\Users\Camilo\AppData\Local\Programs\MiKTeX\tex/latex/graphics-cfg\color.cfg
File: color.cfg 2016/01/02 v1.6 sample color configuration
)
Package xcolor Info: Driver file: pdftex.def on input line 225.

(C:\Users\Camilo\AppData\Local\Programs\MiKTeX\tex/latex/graphics-def\pdftex.de
f
File: pdftex.def 2020/10/05 v1.2a Graphics/color driver for pdftex
)
Package xcolor Info: Model `cmy' substituted by `cmy0' on input line 1348.
Package xcolor Info: Model `hsb' substituted by `rgb' on input line 1352.
Package xcolor Info: Model `RGB' extended on input line 1364.
Package xcolor Info: Model `HTML' substituted by `rgb' on input line 1366.
Package xcolor Info: Model `Hsb' substituted by `hsb' on input line 1367.
Package xcolor Info: Model `tHsb' substituted by `hsb' on input line 1368.
Package xcolor Info: Model `HSB' substituted by `hsb' on input line 1369.
Package xcolor Info: Model `Gray' substituted by `gray' on input line 1370.
Package xcolor Info: Model `wave' substituted by `hsb' on input line 1371.
(C:\Users\Camilo\AppData\Local\Programs\MiKTeX\tex/latex/graphics\dvipsnam.def
File: dvipsnam.def 2016/06/17 v3.0m Driver-dependent file (DPC,SPQR)
) (C:\Users\Camilo\AppData\Local\Programs\MiKTeX\tex/latex/xcolor\svgnam.def
File: svgnam.def 2016/05/11 v2.12 Predefined colors according to SVG 1.1 (UK)
) (C:\Users\Camilo\AppData\Local\Programs\MiKTeX\tex/latex/xcolor\x11nam.def
File: x11nam.def 2016/05/11 v2.12 Predefined colors according to Unix/X11 (UK)
)) (C:\Users\Camilo\AppData\Local\Programs\MiKTeX\tex/latex/xurl\xurl.sty
Package: xurl 2020/12/30 v 0.09a modify URL breaks
(C:\Users\Camilo\AppData\Local\Programs\MiKTeX\tex/latex/url\url.sty
\Urlmuskip=\muskip17
Package: url 2013/09/16  ver 3.4  Verb mode for urls, etc.
)) (C:\Users\Camilo\AppData\Local\Programs\MiKTeX\tex/latex/bookmark\bookmark.s
ty
Package: bookmark 2020-11-06 v1.29 PDF bookmarks (HO)
(C:\Users\Camilo\AppData\Local\Programs\MiKTeX\tex/latex/hyperref\hyperref.sty
Package: hyperref 2021-02-27 v7.00k Hypertext links for LaTeX

(C:\Users\Camilo\AppData\Local\Programs\MiKTeX\tex/generic/pdftexcmds\pdftexcmd
s.sty
Package: pdftexcmds 2020-06-27 v0.33 Utility functions of pdfTeX for LuaTeX (HO
)

(C:\Users\Camilo\AppData\Local\Programs\MiKTeX\tex/generic/infwarerr\infwarerr.
sty
Package: infwarerr 2019/12/03 v1.5 Providing info/warning/error messages (HO)
)
Package pdftexcmds Info: \pdf@primitive is available.
Package pdftexcmds Info: \pdf@ifprimitive is available.
Package pdftexcmds Info: \pdfdraftmode found.
)
(C:\Users\Camilo\AppData\Local\Programs\MiKTeX\tex/generic/kvdefinekeys\kvdefin
ekeys.sty
Package: kvdefinekeys 2019-12-19 v1.6 Define keys (HO)
)
(C:\Users\Camilo\AppData\Local\Programs\MiKTeX\tex/generic/pdfescape\pdfescape.
sty
Package: pdfescape 2019/12/09 v1.15 Implements pdfTeX's escape features (HO)
) (C:\Users\Camilo\AppData\Local\Programs\MiKTeX\tex/latex/hycolor\hycolor.sty
Package: hycolor 2020-01-27 v1.10 Color options for hyperref/bookmark (HO)
)
(C:\Users\Camilo\AppData\Local\Programs\MiKTeX\tex/latex/letltxmacro\letltxmacr
o.sty
Package: letltxmacro 2019/12/03 v1.6 Let assignment for LaTeX macros (HO)
) (C:\Users\Camilo\AppData\Local\Programs\MiKTeX\tex/latex/auxhook\auxhook.sty
Package: auxhook 2019-12-17 v1.6 Hooks for auxiliary files (HO)
)
\@linkdim=\dimen149
\Hy@linkcounter=\count268
\Hy@pagecounter=\count269
(C:\Users\Camilo\AppData\Local\Programs\MiKTeX\tex/latex/hyperref\pd1enc.def
File: pd1enc.def 2021-02-27 v7.00k Hyperref: PDFDocEncoding definition (HO)
Now handling font encoding PD1 ...
... no UTF-8 mapping file for font encoding PD1
)
(C:\Users\Camilo\AppData\Local\Programs\MiKTeX\tex/latex/hyperref\hyperref-lang
patches.def
File: hyperref-langpatches.def 2021-02-27 v7.00k Hyperref: patches for babel la
nguages
) (C:\Users\Camilo\AppData\Local\Programs\MiKTeX\tex/generic/intcalc\intcalc.st
y
Package: intcalc 2019/12/15 v1.3 Expandable calculations with integers (HO)
)
(C:\Users\Camilo\AppData\Local\Programs\MiKTeX\tex/generic/etexcmds\etexcmds.st
y
Package: etexcmds 2019/12/15 v1.7 Avoid name clashes with e-TeX commands (HO)
)
\Hy@SavedSpaceFactor=\count270
(C:\Users\Camilo\AppData\Local\Programs\MiKTeX\tex/latex/hyperref\puenc.def
File: puenc.def 2021-02-27 v7.00k Hyperref: PDF Unicode definition (HO)
Now handling font encoding PU ...
... no UTF-8 mapping file for font encoding PU
)
Package hyperref Info: Option `unicode' set `true' on input line 4073.
Package hyperref Info: Hyper figures OFF on input line 4192.
Package hyperref Info: Link nesting OFF on input line 4197.
Package hyperref Info: Hyper index ON on input line 4200.
Package hyperref Info: Plain pages OFF on input line 4207.
Package hyperref Info: Backreferencing OFF on input line 4212.
Package hyperref Info: Implicit mode ON; LaTeX internals redefined.
Package hyperref Info: Bookmarks ON on input line 4445.
\c@Hy@tempcnt=\count271
LaTeX Info: Redefining \url on input line 4804.
\XeTeXLinkMargin=\dimen150
(C:\Users\Camilo\AppData\Local\Programs\MiKTeX\tex/generic/bitset\bitset.sty
Package: bitset 2019/12/09 v1.3 Handle bit-vector datatype (HO)

(C:\Users\Camilo\AppData\Local\Programs\MiKTeX\tex/generic/bigintcalc\bigintcal
c.sty
Package: bigintcalc 2019/12/15 v1.5 Expandable calculations on big integers (HO
)
))
\Fld@menulength=\count272
\Field@Width=\dimen151
\Fld@charsize=\dimen152
Package hyperref Info: Hyper figures OFF on input line 6075.
Package hyperref Info: Link nesting OFF on input line 6080.
Package hyperref Info: Hyper index ON on input line 6083.
Package hyperref Info: backreferencing OFF on input line 6090.
Package hyperref Info: Link coloring OFF on input line 6095.
Package hyperref Info: Link coloring with OCG OFF on input line 6100.
Package hyperref Info: PDF/A mode OFF on input line 6105.
LaTeX Info: Redefining \ref on input line 6145.
LaTeX Info: Redefining \pageref on input line 6149.
(C:\Users\Camilo\AppData\Local\Programs\MiKTeX\tex/latex/base\atbegshi-ltx.sty
Package: atbegshi-ltx 2020/08/17 v1.0a Emulation of the original atbegshi packa
ge
with kernel methods
)
\Hy@abspage=\count273
\c@Item=\count274
\c@Hfootnote=\count275
)
Package hyperref Info: Driver (autodetected): hpdftex.
(C:\Users\Camilo\AppData\Local\Programs\MiKTeX\tex/latex/hyperref\hpdftex.def
File: hpdftex.def 2021-02-27 v7.00k Hyperref driver for pdfTeX

(C:\Users\Camilo\AppData\Local\Programs\MiKTeX\tex/latex/base\atveryend-ltx.sty
Package: atveryend-ltx 2020/08/19 v1.0a Emulation of the original atvery packag
e
with kernel methods
)
\Fld@listcount=\count276
\c@bookmark@seq@number=\count277

(C:\Users\Camilo\AppData\Local\Programs\MiKTeX\tex/latex/rerunfilecheck\rerunfi
lecheck.sty
Package: rerunfilecheck 2019/12/05 v1.9 Rerun checks for auxiliary files (HO)

(C:\Users\Camilo\AppData\Local\Programs\MiKTeX\tex/generic/uniquecounter\unique
counter.sty
Package: uniquecounter 2019/12/15 v1.4 Provide unlimited unique counter (HO)
)
Package uniquecounter Info: New unique counter `rerunfilecheck' on input line 2
86.
)
\Hy@SectionHShift=\skip53
)
(C:\Users\Camilo\AppData\Local\Programs\MiKTeX\tex/latex/bookmark\bkm-pdftex.de
f
File: bkm-pdftex.def 2020-11-06 v1.29 bookmark driver for pdfTeX (HO)
\BKM@id=\count278
))
Package hyperref Info: Option `colorlinks' set `true' on input line 50.
(C:\Users\Camilo\AppData\Local\Programs\MiKTeX\tex/latex/geometry\geometry.sty
Package: geometry 2020/01/02 v5.9 Page Geometry
(C:\Users\Camilo\AppData\Local\Programs\MiKTeX\tex/generic/iftex\ifvtex.sty
Package: ifvtex 2019/10/25 v1.7 ifvtex legacy package. Use iftex instead.
)
\Gm@cnth=\count279
\Gm@cntv=\count280
\c@Gm@tempcnt=\count281
\Gm@bindingoffset=\dimen153
\Gm@wd@mp=\dimen154
\Gm@odd@mp=\dimen155
\Gm@even@mp=\dimen156
\Gm@layoutwidth=\dimen157
\Gm@layoutheight=\dimen158
\Gm@layouthoffset=\dimen159
\Gm@layoutvoffset=\dimen160
\Gm@dimlist=\toks24
(C:\Users\Camilo\AppData\Local\Programs\MiKTeX\tex/latex/geometry\geometry.cfg)
)
(C:\Users\Camilo\AppData\Local\Programs\MiKTeX\tex/latex/latex-tools\longtable.
sty
Package: longtable 2020/01/07 v4.13 Multi-page Table package (DPC)
\LTleft=\skip54
\LTright=\skip55
\LTpre=\skip56
\LTpost=\skip57
\LTchunksize=\count282
\LTcapwidth=\dimen161
\LT@head=\box49
\LT@firsthead=\box50
\LT@foot=\box51
\LT@lastfoot=\box52
\LT@cols=\count283
\LT@rows=\count284
\c@LT@tables=\count285
\c@LT@chunks=\count286
\LT@p@ftn=\toks25
) (C:\Users\Camilo\AppData\Local\Programs\MiKTeX\tex/latex/booktabs\booktabs.st
y
Package: booktabs 2020/01/12 v1.61803398 Publication quality tables
\heavyrulewidth=\dimen162
\lightrulewidth=\dimen163
\cmidrulewidth=\dimen164
\belowrulesep=\dimen165
\belowbottomsep=\dimen166
\aboverulesep=\dimen167
\abovetopsep=\dimen168
\cmidrulesep=\dimen169
\cmidrulekern=\dimen170
\defaultaddspace=\dimen171
\@cmidla=\count287
\@cmidlb=\count288
\@aboverulesep=\dimen172
\@belowrulesep=\dimen173
\@thisruleclass=\count289
\@lastruleclass=\count290
\@thisrulewidth=\dimen174
) (C:\Users\Camilo\AppData\Local\Programs\MiKTeX\tex/latex/latex-tools\array.st
y
Package: array 2020/10/01 v2.5c Tabular extension package (FMi)
\col@sep=\dimen175
\ar@mcellbox=\box53
\extrarowheight=\dimen176
\NC@list=\toks26
\extratabsurround=\skip58
\backup@length=\skip59
\ar@cellbox=\box54
) (C:\Users\Camilo\AppData\Local\Programs\MiKTeX\tex/latex/latex-tools\calc.sty
Package: calc 2017/05/25 v4.3 Infix arithmetic (KKT,FJ)
\calc@Acount=\count291
\calc@Bcount=\count292
\calc@Adimen=\dimen177
\calc@Bdimen=\dimen178
\calc@Askip=\skip60
\calc@Bskip=\skip61
LaTeX Info: Redefining \setlength on input line 80.
LaTeX Info: Redefining \addtolength on input line 81.
\calc@Ccount=\count293
\calc@Cskip=\skip62
)
(C:\Users\Camilo\AppData\Local\Programs\MiKTeX\tex/latex/footnotehyper\footnote
hyper.sty
Package: footnotehyper 2021/02/04 v1.1d hyperref aware footnote.sty (JFB)
\FNH@notes=\box55
\FNH@width=\dimen179
\FNH@toks=\toks27
) (C:\Users\Camilo\AppData\Local\Programs\MiKTeX\tex/latex/graphics\graphicx.st
y
Package: graphicx 2020/09/09 v1.2b Enhanced LaTeX Graphics (DPC,SPQR)
(C:\Users\Camilo\AppData\Local\Programs\MiKTeX\tex/latex/graphics\graphics.sty
Package: graphics 2020/08/30 v1.4c Standard LaTeX Graphics (DPC,SPQR)
(C:\Users\Camilo\AppData\Local\Programs\MiKTeX\tex/latex/graphics\trig.sty
Package: trig 2016/01/03 v1.10 sin cos tan (DPC)
)
(C:\Users\Camilo\AppData\Local\Programs\MiKTeX\tex/latex/graphics-cfg\graphics.
cfg
File: graphics.cfg 2016/06/04 v1.11 sample graphics configuration
)
Package graphics Info: Driver file: pdftex.def on input line 105.
)
\Gin@req@height=\dimen180
\Gin@req@width=\dimen181
) (C:\Users\Camilo\AppData\Local\Programs\MiKTeX\tex/latex/enumitem\enumitem.st
y
Package: enumitem 2019/06/20 v3.9 Customized lists
\labelindent=\skip63
\enit@outerparindent=\dimen182
\enit@toks=\toks28
\enit@inbox=\box56
\enit@count@id=\count294
\enitdp@description=\count295
) (C:\Users\Camilo\AppData\Local\Programs\MiKTeX\tex/latex/multirow\multirow.st
y
Package: multirow 2021/03/15 v2.8 Span multiple rows of a table
\multirow@colwidth=\skip64
\multirow@cntb=\count296
\multirow@dima=\skip65
\bigstrutjot=\dimen183
)
(C:\Users\Camilo\AppData\Local\Programs\MiKTeX\tex/latex/mathtools\mathtools.st
y
Package: mathtools 2021/04/12 v1.27 mathematical typesetting tools
(C:\Users\Camilo\AppData\Local\Programs\MiKTeX\tex/latex/mathtools\mhsetup.sty
Package: mhsetup 2021/03/18 v1.4 programming setup (MH)
)
LaTeX Info: Thecontrolsequence`\('isalreadyrobust on input line 130.
LaTeX Info: Thecontrolsequence`\)'isalreadyrobust on input line 130.
LaTeX Info: Thecontrolsequence`\['isalreadyrobust on input line 130.
LaTeX Info: Thecontrolsequence`\]'isalreadyrobust on input line 130.
\g_MT_multlinerow_int=\count297
\l_MT_multwidth_dim=\dimen184
\origjot=\skip66
\l_MT_shortvdotswithinadjustabove_dim=\dimen185
\l_MT_shortvdotswithinadjustbelow_dim=\dimen186
\l_MT_above_intertext_sep=\dimen187
\l_MT_below_intertext_sep=\dimen188
\l_MT_above_shortintertext_sep=\dimen189
\l_MT_below_shortintertext_sep=\dimen190
\xmathstrut@box=\box57
\xmathstrut@dim=\dimen191
) (C:\Users\Camilo\AppData\Local\Programs\MiKTeX\tex/latex/cancel\cancel.sty
Package: cancel 2013/04/12 v2.2 Cancel math terms
)
(C:\Users\Camilo\AppData\Local\Programs\MiKTeX\tex/latex/pgf/frontendlayer\tikz
.sty
(C:\Users\Camilo\AppData\Local\Programs\MiKTeX\tex/latex/pgf/basiclayer\pgf.sty

(C:\Users\Camilo\AppData\Local\Programs\MiKTeX\tex/latex/pgf/utilities\pgfrcs.s
ty
(C:\Users\Camilo\AppData\Local\Programs\MiKTeX\tex/generic/pgf/utilities\pgfuti
l-common.tex
\pgfutil@everybye=\toks29
\pgfutil@tempdima=\dimen192
\pgfutil@tempdimb=\dimen193

(C:\Users\Camilo\AppData\Local\Programs\MiKTeX\tex/generic/pgf/utilities\pgfuti
l-common-lists.tex))
(C:\Users\Camilo\AppData\Local\Programs\MiKTeX\tex/generic/pgf/utilities\pgfuti
l-latex.def
\pgfutil@abb=\box58
)
(C:\Users\Camilo\AppData\Local\Programs\MiKTeX\tex/generic/pgf/utilities\pgfrcs
.code.tex
(C:\Users\Camilo\AppData\Local\Programs\MiKTeX\tex/generic/pgf\pgf.revision.tex
)
Package: pgfrcs 2020/12/27 v3.1.8b (3.1.8b)
))
Package: pgf 2020/12/27 v3.1.8b (3.1.8b)

(C:\Users\Camilo\AppData\Local\Programs\MiKTeX\tex/latex/pgf/basiclayer\pgfcore
.sty
(C:\Users\Camilo\AppData\Local\Programs\MiKTeX\tex/latex/pgf/systemlayer\pgfsys
.sty
(C:\Users\Camilo\AppData\Local\Programs\MiKTeX\tex/generic/pgf/systemlayer\pgfs
ys.code.tex
Package: pgfsys 2020/12/27 v3.1.8b (3.1.8b)

(C:\Users\Camilo\AppData\Local\Programs\MiKTeX\tex/generic/pgf/utilities\pgfkey
s.code.tex
\pgfkeys@pathtoks=\toks30
\pgfkeys@temptoks=\toks31

(C:\Users\Camilo\AppData\Local\Programs\MiKTeX\tex/generic/pgf/utilities\pgfkey
sfiltered.code.tex
\pgfkeys@tmptoks=\toks32
))
\pgf@x=\dimen194
\pgf@y=\dimen195
\pgf@xa=\dimen196
\pgf@ya=\dimen197
\pgf@xb=\dimen198
\pgf@yb=\dimen199
\pgf@xc=\dimen256
\pgf@yc=\dimen257
\pgf@xd=\dimen258
\pgf@yd=\dimen259
\w@pgf@writea=\write3
\r@pgf@reada=\read2
\c@pgf@counta=\count298
\c@pgf@countb=\count299
\c@pgf@countc=\count300
\c@pgf@countd=\count301
\t@pgf@toka=\toks33
\t@pgf@tokb=\toks34
\t@pgf@tokc=\toks35
\pgf@sys@id@count=\count302

(C:\Users\Camilo\AppData\Local\Programs\MiKTeX\tex/generic/pgf/systemlayer\pgf.
cfg
File: pgf.cfg 2020/12/27 v3.1.8b (3.1.8b)
)
Driver file for pgf: pgfsys-pdftex.def

(C:\Users\Camilo\AppData\Local\Programs\MiKTeX\tex/generic/pgf/systemlayer\pgfs
ys-pdftex.def
File: pgfsys-pdftex.def 2020/12/27 v3.1.8b (3.1.8b)

(C:\Users\Camilo\AppData\Local\Programs\MiKTeX\tex/generic/pgf/systemlayer\pgfs
ys-common-pdf.def
File: pgfsys-common-pdf.def 2020/12/27 v3.1.8b (3.1.8b)
)))
(C:\Users\Camilo\AppData\Local\Programs\MiKTeX\tex/generic/pgf/systemlayer\pgfs
yssoftpath.code.tex
File: pgfsyssoftpath.code.tex 2020/12/27 v3.1.8b (3.1.8b)
\pgfsyssoftpath@smallbuffer@items=\count303
\pgfsyssoftpath@bigbuffer@items=\count304
)
(C:\Users\Camilo\AppData\Local\Programs\MiKTeX\tex/generic/pgf/systemlayer\pgfs
ysprotocol.code.tex
File: pgfsysprotocol.code.tex 2020/12/27 v3.1.8b (3.1.8b)
))
(C:\Users\Camilo\AppData\Local\Programs\MiKTeX\tex/generic/pgf/basiclayer\pgfco
re.code.tex
Package: pgfcore 2020/12/27 v3.1.8b (3.1.8b)

(C:\Users\Camilo\AppData\Local\Programs\MiKTeX\tex/generic/pgf/math\pgfmath.cod
e.tex
(C:\Users\Camilo\AppData\Local\Programs\MiKTeX\tex/generic/pgf/math\pgfmathcalc
.code.tex
(C:\Users\Camilo\AppData\Local\Programs\MiKTeX\tex/generic/pgf/math\pgfmathutil
.code.tex)
(C:\Users\Camilo\AppData\Local\Programs\MiKTeX\tex/generic/pgf/math\pgfmathpars
er.code.tex
\pgfmath@dimen=\dimen260
\pgfmath@count=\count305
\pgfmath@box=\box59
\pgfmath@toks=\toks36
\pgfmath@stack@operand=\toks37
\pgfmath@stack@operation=\toks38
)
(C:\Users\Camilo\AppData\Local\Programs\MiKTeX\tex/generic/pgf/math\pgfmathfunc
tions.code.tex
(C:\Users\Camilo\AppData\Local\Programs\MiKTeX\tex/generic/pgf/math\pgfmathfunc
tions.basic.code.tex)
(C:\Users\Camilo\AppData\Local\Programs\MiKTeX\tex/generic/pgf/math\pgfmathfunc
tions.trigonometric.code.tex)
(C:\Users\Camilo\AppData\Local\Programs\MiKTeX\tex/generic/pgf/math\pgfmathfunc
tions.random.code.tex)
(C:\Users\Camilo\AppData\Local\Programs\MiKTeX\tex/generic/pgf/math\pgfmathfunc
tions.comparison.code.tex)
(C:\Users\Camilo\AppData\Local\Programs\MiKTeX\tex/generic/pgf/math\pgfmathfunc
tions.base.code.tex)
(C:\Users\Camilo\AppData\Local\Programs\MiKTeX\tex/generic/pgf/math\pgfmathfunc
tions.round.code.tex)
(C:\Users\Camilo\AppData\Local\Programs\MiKTeX\tex/generic/pgf/math\pgfmathfunc
tions.misc.code.tex)
(C:\Users\Camilo\AppData\Local\Programs\MiKTeX\tex/generic/pgf/math\pgfmathfunc
tions.integerarithmetics.code.tex)))
(C:\Users\Camilo\AppData\Local\Programs\MiKTeX\tex/generic/pgf/math\pgfmathfloa
t.code.tex
\c@pgfmathroundto@lastzeros=\count306
))
(C:\Users\Camilo\AppData\Local\Programs\MiKTeX\tex/generic/pgf/math\pgfint.code
.tex)
(C:\Users\Camilo\AppData\Local\Programs\MiKTeX\tex/generic/pgf/basiclayer\pgfco
repoints.code.tex
File: pgfcorepoints.code.tex 2020/12/27 v3.1.8b (3.1.8b)
\pgf@picminx=\dimen261
\pgf@picmaxx=\dimen262
\pgf@picminy=\dimen263
\pgf@picmaxy=\dimen264
\pgf@pathminx=\dimen265
\pgf@pathmaxx=\dimen266
\pgf@pathminy=\dimen267
\pgf@pathmaxy=\dimen268
\pgf@xx=\dimen269
\pgf@xy=\dimen270
\pgf@yx=\dimen271
\pgf@yy=\dimen272
\pgf@zx=\dimen273
\pgf@zy=\dimen274
)
(C:\Users\Camilo\AppData\Local\Programs\MiKTeX\tex/generic/pgf/basiclayer\pgfco
repathconstruct.code.tex
File: pgfcorepathconstruct.code.tex 2020/12/27 v3.1.8b (3.1.8b)
\pgf@path@lastx=\dimen275
\pgf@path@lasty=\dimen276
)
(C:\Users\Camilo\AppData\Local\Programs\MiKTeX\tex/generic/pgf/basiclayer\pgfco
repathusage.code.tex
File: pgfcorepathusage.code.tex 2020/12/27 v3.1.8b (3.1.8b)
\pgf@shorten@end@additional=\dimen277
\pgf@shorten@start@additional=\dimen278
)
(C:\Users\Camilo\AppData\Local\Programs\MiKTeX\tex/generic/pgf/basiclayer\pgfco
rescopes.code.tex
File: pgfcorescopes.code.tex 2020/12/27 v3.1.8b (3.1.8b)
\pgfpic=\box60
\pgf@hbox=\box61
\pgf@layerbox@main=\box62
\pgf@picture@serial@count=\count307
)
(C:\Users\Camilo\AppData\Local\Programs\MiKTeX\tex/generic/pgf/basiclayer\pgfco
regraphicstate.code.tex
File: pgfcoregraphicstate.code.tex 2020/12/27 v3.1.8b (3.1.8b)
\pgflinewidth=\dimen279
)
(C:\Users\Camilo\AppData\Local\Programs\MiKTeX\tex/generic/pgf/basiclayer\pgfco
retransformations.code.tex
File: pgfcoretransformations.code.tex 2020/12/27 v3.1.8b (3.1.8b)
\pgf@pt@x=\dimen280
\pgf@pt@y=\dimen281
\pgf@pt@temp=\dimen282
)
(C:\Users\Camilo\AppData\Local\Programs\MiKTeX\tex/generic/pgf/basiclayer\pgfco
requick.code.tex
File: pgfcorequick.code.tex 2020/12/27 v3.1.8b (3.1.8b)
)
(C:\Users\Camilo\AppData\Local\Programs\MiKTeX\tex/generic/pgf/basiclayer\pgfco
reobjects.code.tex
File: pgfcoreobjects.code.tex 2020/12/27 v3.1.8b (3.1.8b)
)
(C:\Users\Camilo\AppData\Local\Programs\MiKTeX\tex/generic/pgf/basiclayer\pgfco
repathprocessing.code.tex
File: pgfcorepathprocessing.code.tex 2020/12/27 v3.1.8b (3.1.8b)
)
(C:\Users\Camilo\AppData\Local\Programs\MiKTeX\tex/generic/pgf/basiclayer\pgfco
rearrows.code.tex
File: pgfcorearrows.code.tex 2020/12/27 v3.1.8b (3.1.8b)
\pgfarrowsep=\dimen283
)
(C:\Users\Camilo\AppData\Local\Programs\MiKTeX\tex/generic/pgf/basiclayer\pgfco
reshade.code.tex
File: pgfcoreshade.code.tex 2020/12/27 v3.1.8b (3.1.8b)
\pgf@max=\dimen284
\pgf@sys@shading@range@num=\count308
\pgf@shadingcount=\count309
)
(C:\Users\Camilo\AppData\Local\Programs\MiKTeX\tex/generic/pgf/basiclayer\pgfco
reimage.code.tex
File: pgfcoreimage.code.tex 2020/12/27 v3.1.8b (3.1.8b)

(C:\Users\Camilo\AppData\Local\Programs\MiKTeX\tex/generic/pgf/basiclayer\pgfco
reexternal.code.tex
File: pgfcoreexternal.code.tex 2020/12/27 v3.1.8b (3.1.8b)
\pgfexternal@startupbox=\box63
))
(C:\Users\Camilo\AppData\Local\Programs\MiKTeX\tex/generic/pgf/basiclayer\pgfco
relayers.code.tex
File: pgfcorelayers.code.tex 2020/12/27 v3.1.8b (3.1.8b)
)
(C:\Users\Camilo\AppData\Local\Programs\MiKTeX\tex/generic/pgf/basiclayer\pgfco
retransparency.code.tex
File: pgfcoretransparency.code.tex 2020/12/27 v3.1.8b (3.1.8b)
)
(C:\Users\Camilo\AppData\Local\Programs\MiKTeX\tex/generic/pgf/basiclayer\pgfco
repatterns.code.tex
File: pgfcorepatterns.code.tex 2020/12/27 v3.1.8b (3.1.8b)
)
(C:\Users\Camilo\AppData\Local\Programs\MiKTeX\tex/generic/pgf/basiclayer\pgfco
rerdf.code.tex
File: pgfcorerdf.code.tex 2020/12/27 v3.1.8b (3.1.8b)
)))
(C:\Users\Camilo\AppData\Local\Programs\MiKTeX\tex/generic/pgf/modules\pgfmodul
eshapes.code.tex
File: pgfmoduleshapes.code.tex 2020/12/27 v3.1.8b (3.1.8b)
\pgfnodeparttextbox=\box64
)
(C:\Users\Camilo\AppData\Local\Programs\MiKTeX\tex/generic/pgf/modules\pgfmodul
eplot.code.tex
File: pgfmoduleplot.code.tex 2020/12/27 v3.1.8b (3.1.8b)
)
(C:\Users\Camilo\AppData\Local\Programs\MiKTeX\tex/latex/pgf/compatibility\pgfc
omp-version-0-65.sty
Package: pgfcomp-version-0-65 2020/12/27 v3.1.8b (3.1.8b)
\pgf@nodesepstart=\dimen285
\pgf@nodesepend=\dimen286
)
(C:\Users\Camilo\AppData\Local\Programs\MiKTeX\tex/latex/pgf/compatibility\pgfc
omp-version-1-18.sty
Package: pgfcomp-version-1-18 2020/12/27 v3.1.8b (3.1.8b)
))
(C:\Users\Camilo\AppData\Local\Programs\MiKTeX\tex/latex/pgf/utilities\pgffor.s
ty
(C:\Users\Camilo\AppData\Local\Programs\MiKTeX\tex/latex/pgf/utilities\pgfkeys.
sty
(C:\Users\Camilo\AppData\Local\Programs\MiKTeX\tex/generic/pgf/utilities\pgfkey
s.code.tex)) (C:\Users\Camilo\AppData\Local\Programs\MiKTeX\tex/latex/pgf/math\
pgfmath.sty
(C:\Users\Camilo\AppData\Local\Programs\MiKTeX\tex/generic/pgf/math\pgfmath.cod
e.tex))
(C:\Users\Camilo\AppData\Local\Programs\MiKTeX\tex/generic/pgf/utilities\pgffor
.code.tex
Package: pgffor 2020/12/27 v3.1.8b (3.1.8b)

(C:\Users\Camilo\AppData\Local\Programs\MiKTeX\tex/generic/pgf/math\pgfmath.cod
e.tex)
\pgffor@iter=\dimen287
\pgffor@skip=\dimen288
\pgffor@stack=\toks39
\pgffor@toks=\toks40
))
(C:\Users\Camilo\AppData\Local\Programs\MiKTeX\tex/generic/pgf/frontendlayer/ti
kz\tikz.code.tex
Package: tikz 2020/12/27 v3.1.8b (3.1.8b)

(C:\Users\Camilo\AppData\Local\Programs\MiKTeX\tex/generic/pgf/libraries\pgflib
raryplothandlers.code.tex
File: pgflibraryplothandlers.code.tex 2020/12/27 v3.1.8b (3.1.8b)
\pgf@plot@mark@count=\count310
\pgfplotmarksize=\dimen289
)
\tikz@lastx=\dimen290
\tikz@lasty=\dimen291
\tikz@lastxsaved=\dimen292
\tikz@lastysaved=\dimen293
\tikz@lastmovetox=\dimen294
\tikz@lastmovetoy=\dimen295
\tikzleveldistance=\dimen296
\tikzsiblingdistance=\dimen297
\tikz@figbox=\box65
\tikz@figbox@bg=\box66
\tikz@tempbox=\box67
\tikz@tempbox@bg=\box68
\tikztreelevel=\count311
\tikznumberofchildren=\count312
\tikznumberofcurrentchild=\count313
\tikz@fig@count=\count314

(C:\Users\Camilo\AppData\Local\Programs\MiKTeX\tex/generic/pgf/modules\pgfmodul
ematrix.code.tex
File: pgfmodulematrix.code.tex 2020/12/27 v3.1.8b (3.1.8b)
\pgfmatrixcurrentrow=\count315
\pgfmatrixcurrentcolumn=\count316
\pgf@matrix@numberofcolumns=\count317
)
\tikz@expandcount=\count318

(C:\Users\Camilo\AppData\Local\Programs\MiKTeX\tex/generic/pgf/frontendlayer/ti
kz/libraries\tikzlibrarytopaths.code.tex
File: tikzlibrarytopaths.code.tex 2020/12/27 v3.1.8b (3.1.8b)
))) (C:\Users\Camilo\AppData\Local\Programs\MiKTeX\tex/latex/float\float.sty
Package: float 2001/11/08 v1.3d Float enhancements (AL)
\c@float@type=\count319
\float@exts=\toks41
\float@box=\box69
\@float@everytoks=\toks42
\@floatcapt=\box70
)
(C:\Users\Camilo\AppData\Local\Programs\MiKTeX\tex/latex/epstopdf-pkg\epstopdf.
sty
Package: epstopdf 2020-01-24 v2.11 Conversion with epstopdf on the fly (HO)
(C:\Users\Camilo\AppData\Local\Programs\MiKTeX\tex/latex/grfext\grfext.sty
Package: grfext 2019/12/03 v1.3 Manage graphics extensions (HO)
)
(C:\Users\Camilo\AppData\Local\Programs\MiKTeX\tex/latex/epstopdf-pkg\epstopdf-
base.sty
Package: epstopdf-base 2020-01-24 v2.11 Base part for package epstopdf
Package epstopdf-base Info: Redefining graphics rule for `.eps' on input line 4
85.
Package grfext Info: Graphics extension search list:
(grfext)             [.pdf,.png,.jpg,.mps,.jpeg,.jbig2,.jb2,.PDF,.PNG,.JPG,.JPE
G,.JBIG2,.JB2,.eps]
(grfext)             \AppendGraphicsExtensions on input line 504.

(C:\Users\Camilo\AppData\Local\Programs\MiKTeX\tex/latex/00miktex\epstopdf-sys.
cfg
File: epstopdf-sys.cfg 2021/03/18 v2.0 Configuration of epstopdf for MiKTeX
))) (C:\Users\Camilo\AppData\Local\Programs\MiKTeX\tex/latex/latex-tools\bm.sty
Package: bm 2019/07/24 v1.2d Bold Symbol Support (DPC/FMi)
\symboldoperators=\mathgroup6
\symboldletters=\mathgroup7
\symboldsymbols=\mathgroup8
LaTeX Font Info:    Redeclaring math alphabet \mathbf on input line 141.
LaTeX Info: Redefining \bm on input line 209.
) (C:\Users\Camilo\AppData\Local\Programs\MiKTeX\tex/latex/colortbl\colortbl.st
y
Package: colortbl 2020/01/04 v1.0e Color table columns (DPC)
\everycr=\toks43
\minrowclearance=\skip67
) (C:\Users\Camilo\AppData\Local\Programs\MiKTeX\tex/latex/natbib\natbib.sty
Package: natbib 2010/09/13 8.31b (PWD, AO)
\bibhang=\skip68
\bibsep=\skip69
LaTeX Info: Redefining \cite on input line 694.
\c@NAT@ctr=\count320
) (C:\Users\Camilo\AppData\Local\Programs\MiKTeX\tex/latex/fancyhdr\fancyhdr.st
y
Package: fancyhdr 2021/01/28 v4.0.1 Extensive control of page headers and foote
rs
\f@nch@headwidth=\skip70
\f@nch@O@elh=\skip71
\f@nch@O@erh=\skip72
\f@nch@O@olh=\skip73
\f@nch@O@orh=\skip74
\f@nch@O@elf=\skip75
\f@nch@O@erf=\skip76
\f@nch@O@olf=\skip77
\f@nch@O@orf=\skip78
) (C:\Users\Camilo\AppData\Local\Programs\MiKTeX\tex/generic/babel\babel.sty
Package: babel 2021/04/26 3.58 The Babel package
(C:\Users\Camilo\AppData\Local\Programs\MiKTeX\tex/generic/babel\babel.def
File: babel.def 2021/04/26 3.58 Babel common definitions
\babel@savecnt=\count321
\U@D=\dimen298
\l@unhyphenated=\language79
(C:\Users\Camilo\AppData\Local\Programs\MiKTeX\tex/generic/babel\txtbabel.def)
\bbl@readstream=\read3
)
\bbl@dirlevel=\count322
*************************************
* Local config file bblopts.cfg used
*
(C:\Users\Camilo\AppData\Local\Programs\MiKTeX\tex/latex/arabi\bblopts.cfg
File: bblopts.cfg 2005/09/08 v0.1 add Arabic and Farsi to "declared" options of
 babel
)
(C:\Users\Camilo\AppData\Local\Programs\MiKTeX\tex/latex/babel-spanish\spanish.
ldf
Language: spanish.ldf 2016/03/03 v5.0p Spanish support from the babel system
\es@quottoks=\toks44
\es@quotdepth=\count323
Package babel Info: Making " an active character on input line 561.
Package babel Info: Making . an active character on input line 662.
Package babel Info: Making < an active character on input line 707.
Package babel Info: Making > an active character on input line 707.
)
(C:\Users\Camilo\AppData\Local\Programs\MiKTeX\tex/latex/babel-spanish\spanish.
ldf
Language: spanish.ldf 2016/03/03 v5.0p Spanish support from the babel system
))
(C:\Users\Camilo\AppData\Local\Programs\MiKTeX\tex/latex/l3backend\l3backend-pd
ftex.def
File: l3backend-pdftex.def 2021-03-18 L3 backend support: PDF output (pdfTeX)
\l__color_backend_stack_int=\count324
\l__pdf_internal_box=\box71
) (210428_PROGRAMA_DOCUMENTO_TASA_RENTA.aux
LaTeX Info: Redefining \. on input line 28.
LaTeX Info: Redefining \% on input line 28.

LaTeX Warning: Label `eqref0' multiply defined.


LaTeX Warning: Label `tab:resumenbase' multiply defined.


LaTeX Warning: Label `tab:resumenbase' multiply defined.


LaTeX Warning: Label `tab:locph' multiply defined.


LaTeX Warning: Label `tab:locph' multiply defined.


LaTeX Warning: Label `tab:locnph' multiply defined.


LaTeX Warning: Label `tab:locnph' multiply defined.

)
\openout1 = `210428_PROGRAMA_DOCUMENTO_TASA_RENTA.aux'.

LaTeX Font Info:    Checking defaults for OML/cmm/m/it on input line 126.
LaTeX Font Info:    ... okay on input line 126.
LaTeX Font Info:    Checking defaults for OMS/cmsy/m/n on input line 126.
LaTeX Font Info:    ... okay on input line 126.
LaTeX Font Info:    Checking defaults for OT1/cmr/m/n on input line 126.
LaTeX Font Info:    ... okay on input line 126.
LaTeX Font Info:    Checking defaults for T1/cmr/m/n on input line 126.
LaTeX Font Info:    ... okay on input line 126.
LaTeX Font Info:    Checking defaults for TS1/cmr/m/n on input line 126.
LaTeX Font Info:    ... okay on input line 126.
LaTeX Font Info:    Checking defaults for OMX/cmex/m/n on input line 126.
LaTeX Font Info:    ... okay on input line 126.
LaTeX Font Info:    Checking defaults for U/cmr/m/n on input line 126.
LaTeX Font Info:    ... okay on input line 126.
LaTeX Font Info:    Checking defaults for PD1/pdf/m/n on input line 126.
LaTeX Font Info:    ... okay on input line 126.
LaTeX Font Info:    Checking defaults for PU/pdf/m/n on input line 126.
LaTeX Font Info:    ... okay on input line 126.
LaTeX Info: Redefining \microtypecontext on input line 126.
Package microtype Info: Generating PDF output.
Package microtype Info: Character protrusion enabled (level 2).
Package microtype Info: Using protrusion set `basicmath'.
Package microtype Info: Automatic font expansion enabled (level 2),
(microtype)             stretch: 20, shrink: 20, step: 1, non-selected.
Package microtype Info: Using default expansion set `alltext-nott'.
LaTeX Info: Redefining \showhyphens on input line 126.
Package microtype Info: No adjustment of tracking.
Package microtype Info: No adjustment of interword spacing.
Package microtype Info: No adjustment of character kerning.
(C:\Users\Camilo\AppData\Local\Programs\MiKTeX\tex/latex/microtype\mt-cmr.cfg
File: mt-cmr.cfg 2013/05/19 v2.2 microtype config. file: Computer Modern Roman 
(RS)
)
(C:\Users\Camilo\AppData\Local\Programs\MiKTeX\tex/context/base/mkii\supp-pdf.m
kii
[Loading MPS to PDF converter (version 2006.09.02).]
\scratchcounter=\count325
\scratchdimen=\dimen299
\scratchbox=\box72
\nofMPsegments=\count326
\nofMParguments=\count327
\everyMPshowfont=\toks45
\MPscratchCnt=\count328
\MPscratchDim=\dimen300
\MPnumerator=\count329
\makeMPintoPDFobject=\count330
\everyMPtoPDFconversion=\toks46
)
Package hyperref Info: Link coloring ON on input line 126.
(C:\Users\Camilo\AppData\Local\Programs\MiKTeX\tex/latex/hyperref\nameref.sty
Package: nameref 2021-04-02 v2.47 Cross-referencing by name of section
(C:\Users\Camilo\AppData\Local\Programs\MiKTeX\tex/latex/refcount\refcount.sty
Package: refcount 2019/12/15 v3.6 Data extraction from label references (HO)
)
(C:\Users\Camilo\AppData\Local\Programs\MiKTeX\tex/generic/gettitlestring\getti
tlestring.sty
Package: gettitlestring 2019/12/15 v1.6 Cleanup title references (HO)
)
\c@section@level=\count331
)
LaTeX Info: Redefining \ref on input line 126.
LaTeX Info: Redefining \pageref on input line 126.
LaTeX Info: Redefining \nameref on input line 126.
*geometry* driver: auto-detecting
*geometry* detected driver: pdftex
*geometry* verbose mode - [ preamble ] result:
* driver: pdftex
* paper: <default>
* layout: <same size as paper>
* layoutoffset:(h,v)=(0.0pt,0.0pt)
* modes: 
* h-part:(L,W,R)=(72.26999pt, 469.75502pt, 72.26999pt)
* v-part:(T,H,B)=(72.26999pt, 650.43001pt, 72.26999pt)
* \paperwidth=614.295pt
* \paperheight=794.96999pt
* \textwidth=469.75502pt
* \textheight=650.43001pt
* \oddsidemargin=0.0pt
* \evensidemargin=0.0pt
* \topmargin=-37.0pt
* \headheight=12.0pt
* \headsep=25.0pt
* \topskip=12.0pt
* \footskip=30.0pt
* \marginparwidth=44.0pt
* \marginparsep=10.0pt
* \columnsep=10.0pt
* \skip\footins=10.8pt plus 4.0pt minus 2.0pt
* \hoffset=0.0pt
* \voffset=0.0pt
* \mag=1000
* \@twocolumnfalse
* \@twosidefalse
* \@mparswitchfalse
* \@reversemarginfalse
* (1in=72.27pt=25.4mm, 1cm=28.453pt)

LaTeX Info: Redefining \. on input line 126.
LaTeX Info: Redefining \% on input line 126.
LaTeX Font Info:    Trying to load font information for OT1+lmr on input line 1
28.
(C:\Users\Camilo\AppData\Local\Programs\MiKTeX\tex/latex/lm\ot1lmr.fd
File: ot1lmr.fd 2009/10/30 v1.6 Font defs for Latin Modern
)
LaTeX Font Info:    Trying to load font information for OML+lmm on input line 1
28.
(C:\Users\Camilo\AppData\Local\Programs\MiKTeX\tex/latex/lm\omllmm.fd
File: omllmm.fd 2009/10/30 v1.6 Font defs for Latin Modern
)
LaTeX Font Info:    Trying to load font information for OMS+lmsy on input line 
128.
(C:\Users\Camilo\AppData\Local\Programs\MiKTeX\tex/latex/lm\omslmsy.fd
File: omslmsy.fd 2009/10/30 v1.6 Font defs for Latin Modern
)
LaTeX Font Info:    Trying to load font information for OMX+lmex on input line 
128.
(C:\Users\Camilo\AppData\Local\Programs\MiKTeX\tex/latex/lm\omxlmex.fd
File: omxlmex.fd 2009/10/30 v1.6 Font defs for Latin Modern
)
LaTeX Font Info:    External font `lmex10' loaded for size
(Font)              <14.4> on input line 128.
LaTeX Font Info:    External font `lmex10' loaded for size
(Font)              <10> on input line 128.
LaTeX Font Info:    External font `lmex10' loaded for size
(Font)              <7> on input line 128.
LaTeX Font Info:    Trying to load font information for U+msa on input line 128
.
(C:\Users\Camilo\AppData\Local\Programs\MiKTeX\tex/latex/amsfonts\umsa.fd
File: umsa.fd 2013/01/14 v3.01 AMS symbols A
) (C:\Users\Camilo\AppData\Local\Programs\MiKTeX\tex/latex/microtype\mt-msa.cfg
File: mt-msa.cfg 2006/02/04 v1.1 microtype config. file: AMS symbols (a) (RS)
)
LaTeX Font Info:    Trying to load font information for U+msb on input line 128
.
(C:\Users\Camilo\AppData\Local\Programs\MiKTeX\tex/latex/amsfonts\umsb.fd
File: umsb.fd 2013/01/14 v3.01 AMS symbols B
) (C:\Users\Camilo\AppData\Local\Programs\MiKTeX\tex/latex/microtype\mt-msb.cfg
File: mt-msb.cfg 2005/06/01 v1.0 microtype config. file: AMS symbols (b) (RS)
) (210428_PROGRAMA_DOCUMENTO_TASA_RENTA.toc
LaTeX Info: Redefining \. on input line 1.
LaTeX Info: Redefining \% on input line 1.
LaTeX Font Info:    External font `lmex10' loaded for size
(Font)              <12> on input line 4.
LaTeX Font Info:    External font `lmex10' loaded for size
(Font)              <8> on input line 4.
LaTeX Font Info:    External font `lmex10' loaded for size
(Font)              <6> on input line 4.
)
\tf@toc=\write4
\openout4 = `210428_PROGRAMA_DOCUMENTO_TASA_RENTA.toc'.

<../input/logo.png, id=23, 355.3275pt x 142.5325pt>
File: ../input/logo.png Graphic file (type png)
<use ../input/logo.png>
Package pdftex.def Info: ../input/logo.png  used on input line 141.
(pdftex.def)             Requested size: 141.8628pt x 56.90541pt.

Package fancyhdr Warning: \headheight is too small (40.45274pt): 
(fancyhdr)                Make it at least 61.25545pt, for example:
(fancyhdr)                \setlength{\headheight}{61.25545pt}.
(fancyhdr)                You might also make \topmargin smaller to compensate:

(fancyhdr)                \addtolength{\topmargin}{-20.8027pt}.

[1

{C:/Users/Camilo/AppData/Local/MiKTeX/pdftex/config/pdftex.map} <../input/logo.
png>]
LaTeX Font Info:    External font `lmex10' loaded for size
(Font)              <5> on input line 146.
File: ../input/logo.png Graphic file (type png)
<use ../input/logo.png>
Package pdftex.def Info: ../input/logo.png  used on input line 153.
(pdftex.def)             Requested size: 141.8628pt x 56.90541pt.

Package fancyhdr Warning: \headheight is too small (40.45274pt): 
(fancyhdr)                Make it at least 61.25545pt, for example:
(fancyhdr)                \setlength{\headheight}{61.25545pt}.
(fancyhdr)                You might also make \topmargin smaller to compensate:

(fancyhdr)                \addtolength{\topmargin}{-20.8027pt}.

[2]
File: ../input/logo.png Graphic file (type png)
<use ../input/logo.png>
Package pdftex.def Info: ../input/logo.png  used on input line 167.
(pdftex.def)             Requested size: 141.8628pt x 56.90541pt.

Package fancyhdr Warning: \headheight is too small (40.45274pt): 
(fancyhdr)                Make it at least 61.25545pt, for example:
(fancyhdr)                \setlength{\headheight}{61.25545pt}.
(fancyhdr)                You might also make \topmargin smaller to compensate:

(fancyhdr)                \addtolength{\topmargin}{-20.8027pt}.

[3]
LaTeX Info: Redefining \. on input line 198.
LaTeX Info: Redefining \% on input line 198.
File: ../input/logo.png Graphic file (type png)
<use ../input/logo.png>
Package pdftex.def Info: ../input/logo.png  used on input line 198.
(pdftex.def)             Requested size: 141.8628pt x 56.90541pt.

Package fancyhdr Warning: \headheight is too small (40.45274pt): 
(fancyhdr)                Make it at least 61.25545pt, for example:
(fancyhdr)                \setlength{\headheight}{61.25545pt}.
(fancyhdr)                You might also make \topmargin smaller to compensate:

(fancyhdr)                \addtolength{\topmargin}{-20.8027pt}.

[4]
LaTeX Info: Redefining \. on input line 217.
LaTeX Info: Redefining \% on input line 217.
File: ../input/logo.png Graphic file (type png)
<use ../input/logo.png>
Package pdftex.def Info: ../input/logo.png  used on input line 217.
(pdftex.def)             Requested size: 141.8628pt x 56.90541pt.

Package fancyhdr Warning: \headheight is too small (40.45274pt): 
(fancyhdr)                Make it at least 61.25545pt, for example:
(fancyhdr)                \setlength{\headheight}{61.25545pt}.
(fancyhdr)                You might also make \topmargin smaller to compensate:

(fancyhdr)                \addtolength{\topmargin}{-20.8027pt}.

[5]
LaTeX Info: Redefining \. on input line 240.
LaTeX Info: Redefining \% on input line 240.
File: ../input/logo.png Graphic file (type png)
<use ../input/logo.png>
Package pdftex.def Info: ../input/logo.png  used on input line 240.
(pdftex.def)             Requested size: 141.8628pt x 56.90541pt.

Package fancyhdr Warning: \headheight is too small (40.45274pt): 
(fancyhdr)                Make it at least 61.25545pt, for example:
(fancyhdr)                \setlength{\headheight}{61.25545pt}.
(fancyhdr)                You might also make \topmargin smaller to compensate:

(fancyhdr)                \addtolength{\topmargin}{-20.8027pt}.

[6]
LaTeX Info: Redefining \. on input line 271.
LaTeX Info: Redefining \% on input line 271.
File: ../input/logo.png Graphic file (type png)
<use ../input/logo.png>
Package pdftex.def Info: ../input/logo.png  used on input line 271.
(pdftex.def)             Requested size: 141.8628pt x 56.90541pt.

Package fancyhdr Warning: \headheight is too small (40.45274pt): 
(fancyhdr)                Make it at least 61.25545pt, for example:
(fancyhdr)                \setlength{\headheight}{61.25545pt}.
(fancyhdr)                You might also make \topmargin smaller to compensate:

(fancyhdr)                \addtolength{\topmargin}{-20.8027pt}.

[7]
<210428_PROGRAMA_DOCUMENTO_TASA_RENTA_files/figure-latex/plt-1.pdf, id=166, 252
.945pt x 266.9975pt>
File: 210428_PROGRAMA_DOCUMENTO_TASA_RENTA_files/figure-latex/plt-1.pdf Graphic
 file (type pdf)
<use 210428_PROGRAMA_DOCUMENTO_TASA_RENTA_files/figure-latex/plt-1.pdf>
Package pdftex.def Info: 210428_PROGRAMA_DOCUMENTO_TASA_RENTA_files/figure-late
x/plt-1.pdf  used on input line 278.
(pdftex.def)             Requested size: 252.94823pt x 267.00089pt.
LaTeX Info: Redefining \. on input line 283.
LaTeX Info: Redefining \% on input line 283.
File: ../input/logo.png Graphic file (type png)
<use ../input/logo.png>
Package pdftex.def Info: ../input/logo.png  used on input line 283.
(pdftex.def)             Requested size: 141.8628pt x 56.90541pt.

Package fancyhdr Warning: \headheight is too small (40.45274pt): 
(fancyhdr)                Make it at least 61.25545pt, for example:
(fancyhdr)                \setlength{\headheight}{61.25545pt}.
(fancyhdr)                You might also make \topmargin smaller to compensate:

(fancyhdr)                \addtolength{\topmargin}{-20.8027pt}.

[8]
LaTeX Info: Redefining \. on input line 349.
LaTeX Info: Redefining \% on input line 349.
File: ../input/logo.png Graphic file (type png)
<use ../input/logo.png>
Package pdftex.def Info: ../input/logo.png  used on input line 349.
(pdftex.def)             Requested size: 141.8628pt x 56.90541pt.

Package fancyhdr Warning: \headheight is too small (40.45274pt): 
(fancyhdr)                Make it at least 61.25545pt, for example:
(fancyhdr)                \setlength{\headheight}{61.25545pt}.
(fancyhdr)                You might also make \topmargin smaller to compensate:

(fancyhdr)                \addtolength{\topmargin}{-20.8027pt}.

[9pdfTeX warning (ext4): destination with the same identifier (name{figure.1}) 
has been already used, duplicate ignored
<argument> ...shipout:D \box_use:N \l_shipout_box 
                                                  
l.349 \addlinespace
                    <./210428_PROGRAMA_DOCUMENTO_TASA_RENTA_files/figure-latex/
plt-1.pdf>]
LaTeX Info: Redefining \. on input line 360.
LaTeX Info: Redefining \% on input line 360.
File: ../input/logo.png Graphic file (type png)
<use ../input/logo.png>
Package pdftex.def Info: ../input/logo.png  used on input line 360.
(pdftex.def)             Requested size: 141.8628pt x 56.90541pt.

Package fancyhdr Warning: \headheight is too small (40.45274pt): 
(fancyhdr)                Make it at least 61.25545pt, for example:
(fancyhdr)                \setlength{\headheight}{61.25545pt}.
(fancyhdr)                You might also make \topmargin smaller to compensate:

(fancyhdr)                \addtolength{\topmargin}{-20.8027pt}.

[10]
File: ../input/logo.png Graphic file (type png)
<use ../input/logo.png>
Package pdftex.def Info: ../input/logo.png  used on input line 372.
(pdftex.def)             Requested size: 141.8628pt x 56.90541pt.

Package fancyhdr Warning: \headheight is too small (40.45274pt): 
(fancyhdr)                Make it at least 61.25545pt, for example:
(fancyhdr)                \setlength{\headheight}{61.25545pt}.
(fancyhdr)                You might also make \topmargin smaller to compensate:

(fancyhdr)                \addtolength{\topmargin}{-20.8027pt}.

[11]
File: ../input/logo.png Graphic file (type png)
<use ../input/logo.png>
Package pdftex.def Info: ../input/logo.png  used on input line 396.
(pdftex.def)             Requested size: 141.8628pt x 56.90541pt.

Package fancyhdr Warning: \headheight is too small (40.45274pt): 
(fancyhdr)                Make it at least 61.25545pt, for example:
(fancyhdr)                \setlength{\headheight}{61.25545pt}.
(fancyhdr)                You might also make \topmargin smaller to compensate:

(fancyhdr)                \addtolength{\topmargin}{-20.8027pt}.

[12]
<210428_PROGRAMA_DOCUMENTO_TASA_RENTA_files/figure-latex/scph-1.pdf, id=219, 46
9.755pt x 266.9975pt>
File: 210428_PROGRAMA_DOCUMENTO_TASA_RENTA_files/figure-latex/scph-1.pdf Graphi
c file (type pdf)
<use 210428_PROGRAMA_DOCUMENTO_TASA_RENTA_files/figure-latex/scph-1.pdf>
Package pdftex.def Info: 210428_PROGRAMA_DOCUMENTO_TASA_RENTA_files/figure-late
x/scph-1.pdf  used on input line 399.
(pdftex.def)             Requested size: 469.75386pt x 266.99683pt.
LaTeX Info: Redefining \. on input line 445.
LaTeX Info: Redefining \% on input line 445.
File: ../input/logo.png Graphic file (type png)
<use ../input/logo.png>
Package pdftex.def Info: ../input/logo.png  used on input line 445.
(pdftex.def)             Requested size: 141.8628pt x 56.90541pt.

Package fancyhdr Warning: \headheight is too small (40.45274pt): 
(fancyhdr)                Make it at least 61.25545pt, for example:
(fancyhdr)                \setlength{\headheight}{61.25545pt}.
(fancyhdr)                You might also make \topmargin smaller to compensate:

(fancyhdr)                \addtolength{\topmargin}{-20.8027pt}.

[13pdfTeX warning (ext4): destination with the same identifier (name{figure.2})
 has been already used, duplicate ignored
<argument> ...shipout:D \box_use:N \l_shipout_box 
                                                  
l.445 \addlinespace
                    <./210428_PROGRAMA_DOCUMENTO_TASA_RENTA_files/figure-latex/
scph-1.pdf>]
<210428_PROGRAMA_DOCUMENTO_TASA_RENTA_files/figure-latex/tasaphest-1.pdf, id=24
1, 469.755pt x 266.9975pt>
File: 210428_PROGRAMA_DOCUMENTO_TASA_RENTA_files/figure-latex/tasaphest-1.pdf G
raphic file (type pdf)
<use 210428_PROGRAMA_DOCUMENTO_TASA_RENTA_files/figure-latex/tasaphest-1.pdf>
Package pdftex.def Info: 210428_PROGRAMA_DOCUMENTO_TASA_RENTA_files/figure-late
x/tasaphest-1.pdf  used on input line 454.
(pdftex.def)             Requested size: 469.75386pt x 266.99683pt.
LaTeX Info: Redefining \. on input line 520.
LaTeX Info: Redefining \% on input line 520.
File: ../input/logo.png Graphic file (type png)
<use ../input/logo.png>
Package pdftex.def Info: ../input/logo.png  used on input line 520.
(pdftex.def)             Requested size: 141.8628pt x 56.90541pt.

Package fancyhdr Warning: \headheight is too small (40.45274pt): 
(fancyhdr)                Make it at least 61.25545pt, for example:
(fancyhdr)                \setlength{\headheight}{61.25545pt}.
(fancyhdr)                You might also make \topmargin smaller to compensate:

(fancyhdr)                \addtolength{\topmargin}{-20.8027pt}.

[14]
LaTeX Info: Redefining \. on input line 564.
LaTeX Info: Redefining \% on input line 564.
File: ../input/logo.png Graphic file (type png)
<use ../input/logo.png>
Package pdftex.def Info: ../input/logo.png  used on input line 564.
(pdftex.def)             Requested size: 141.8628pt x 56.90541pt.

Package fancyhdr Warning: \headheight is too small (40.45274pt): 
(fancyhdr)                Make it at least 61.25545pt, for example:
(fancyhdr)                \setlength{\headheight}{61.25545pt}.
(fancyhdr)                You might also make \topmargin smaller to compensate:

(fancyhdr)                \addtolength{\topmargin}{-20.8027pt}.

[15]
<210428_PROGRAMA_DOCUMENTO_TASA_RENTA_files/figure-latex/tasaphloc-1.pdf, id=25
0, 469.755pt x 266.9975pt>
File: 210428_PROGRAMA_DOCUMENTO_TASA_RENTA_files/figure-latex/tasaphloc-1.pdf G
raphic file (type pdf)
<use 210428_PROGRAMA_DOCUMENTO_TASA_RENTA_files/figure-latex/tasaphloc-1.pdf>
Package pdftex.def Info: 210428_PROGRAMA_DOCUMENTO_TASA_RENTA_files/figure-late
x/tasaphloc-1.pdf  used on input line 568.
(pdftex.def)             Requested size: 469.75386pt x 266.99683pt.
<210428_PROGRAMA_DOCUMENTO_TASA_RENTA_files/figure-latex/resfittedph-1.pdf, id=
251, 259.97125pt x 266.9975pt>
File: 210428_PROGRAMA_DOCUMENTO_TASA_RENTA_files/figure-latex/resfittedph-1.pdf
 Graphic file (type pdf)
<use 210428_PROGRAMA_DOCUMENTO_TASA_RENTA_files/figure-latex/resfittedph-1.pdf>

Package pdftex.def Info: 210428_PROGRAMA_DOCUMENTO_TASA_RENTA_files/figure-late
x/resfittedph-1.pdf  used on input line 574.
(pdftex.def)             Requested size: 259.97061pt x 266.99683pt.
<210428_PROGRAMA_DOCUMENTO_TASA_RENTA_files/figure-latex/resboxph-1.pdf, id=252
, 469.755pt x 266.9975pt>
File: 210428_PROGRAMA_DOCUMENTO_TASA_RENTA_files/figure-latex/resboxph-1.pdf Gr
aphic file (type pdf)
<use 210428_PROGRAMA_DOCUMENTO_TASA_RENTA_files/figure-latex/resboxph-1.pdf>
Package pdftex.def Info: 210428_PROGRAMA_DOCUMENTO_TASA_RENTA_files/figure-late
x/resboxph-1.pdf  used on input line 580.
(pdftex.def)             Requested size: 469.75386pt x 266.99683pt.
<210428_PROGRAMA_DOCUMENTO_TASA_RENTA_files/figure-latex/ranefph-1.pdf, id=253,
 259.97125pt x 266.9975pt>
File: 210428_PROGRAMA_DOCUMENTO_TASA_RENTA_files/figure-latex/ranefph-1.pdf Gra
phic file (type pdf)
<use 210428_PROGRAMA_DOCUMENTO_TASA_RENTA_files/figure-latex/ranefph-1.pdf>
Package pdftex.def Info: 210428_PROGRAMA_DOCUMENTO_TASA_RENTA_files/figure-late
x/ranefph-1.pdf  used on input line 586.
(pdftex.def)             Requested size: 259.97061pt x 266.99683pt.
<210428_PROGRAMA_DOCUMENTO_TASA_RENTA_files/figure-latex/resph-1.pdf, id=254, 2
59.97125pt x 266.9975pt>
File: 210428_PROGRAMA_DOCUMENTO_TASA_RENTA_files/figure-latex/resph-1.pdf Graph
ic file (type pdf)
<use 210428_PROGRAMA_DOCUMENTO_TASA_RENTA_files/figure-latex/resph-1.pdf>
Package pdftex.def Info: 210428_PROGRAMA_DOCUMENTO_TASA_RENTA_files/figure-late
x/resph-1.pdf  used on input line 592.
(pdftex.def)             Requested size: 259.97061pt x 266.99683pt.
LaTeX Info: Redefining \. on input line 599.
LaTeX Info: Redefining \% on input line 599.
File: ../input/logo.png Graphic file (type png)
<use ../input/logo.png>
Package pdftex.def Info: ../input/logo.png  used on input line 599.
(pdftex.def)             Requested size: 141.8628pt x 56.90541pt.

Package fancyhdr Warning: \headheight is too small (40.45274pt): 
(fancyhdr)                Make it at least 61.25545pt, for example:
(fancyhdr)                \setlength{\headheight}{61.25545pt}.
(fancyhdr)                You might also make \topmargin smaller to compensate:

(fancyhdr)                \addtolength{\topmargin}{-20.8027pt}.

[16]
LaTeX Info: Redefining \. on input line 599.
LaTeX Info: Redefining \% on input line 599.
File: ../input/logo.png Graphic file (type png)
<use ../input/logo.png>
Package pdftex.def Info: ../input/logo.png  used on input line 599.
(pdftex.def)             Requested size: 141.8628pt x 56.90541pt.

Package fancyhdr Warning: \headheight is too small (40.45274pt): 
(fancyhdr)                Make it at least 61.25545pt, for example:
(fancyhdr)                \setlength{\headheight}{61.25545pt}.
(fancyhdr)                You might also make \topmargin smaller to compensate:

(fancyhdr)                \addtolength{\topmargin}{-20.8027pt}.

[17pdfTeX warning (ext4): destination with the same identifier (name{figure.3})
 has been already used, duplicate ignored
<argument> ...shipout:D \box_use:N \l_shipout_box 
                                                  
l.599 
      pdfTeX warning (ext4): destination with the same identifier (name{figure.
4}) has been already used, duplicate ignored
<argument> ...shipout:D \box_use:N \l_shipout_box 
                                                  
l.599 
       <./210428_PROGRAMA_DOCUMENTO_TASA_RENTA_files/figure-latex/tasaphest-1.p
df> <./210428_PROGRAMA_DOCUMENTO_TASA_RENTA_files/figure-latex/tasaphloc-1.pdf>
]
LaTeX Info: Redefining \. on input line 599.
LaTeX Info: Redefining \% on input line 599.
File: ../input/logo.png Graphic file (type png)
<use ../input/logo.png>
Package pdftex.def Info: ../input/logo.png  used on input line 599.
(pdftex.def)             Requested size: 141.8628pt x 56.90541pt.

Package fancyhdr Warning: \headheight is too small (40.45274pt): 
(fancyhdr)                Make it at least 61.25545pt, for example:
(fancyhdr)                \setlength{\headheight}{61.25545pt}.
(fancyhdr)                You might also make \topmargin smaller to compensate:

(fancyhdr)                \addtolength{\topmargin}{-20.8027pt}.

[18pdfTeX warning (ext4): destination with the same identifier (name{figure.5})
 has been already used, duplicate ignored
<argument> ...shipout:D \box_use:N \l_shipout_box 
                                                  
l.599 
      pdfTeX warning (ext4): destination with the same identifier (name{figure.
6}) has been already used, duplicate ignored
<argument> ...shipout:D \box_use:N \l_shipout_box 
                                                  
l.599 
       <./210428_PROGRAMA_DOCUMENTO_TASA_RENTA_files/figure-latex/resfittedph-1
.pdf> <./210428_PROGRAMA_DOCUMENTO_TASA_RENTA_files/figure-latex/resboxph-1.pdf
>]
LaTeX Info: Redefining \. on input line 599.
LaTeX Info: Redefining \% on input line 599.
File: ../input/logo.png Graphic file (type png)
<use ../input/logo.png>
Package pdftex.def Info: ../input/logo.png  used on input line 599.
(pdftex.def)             Requested size: 141.8628pt x 56.90541pt.

Package fancyhdr Warning: \headheight is too small (40.45274pt): 
(fancyhdr)                Make it at least 61.25545pt, for example:
(fancyhdr)                \setlength{\headheight}{61.25545pt}.
(fancyhdr)                You might also make \topmargin smaller to compensate:

(fancyhdr)                \addtolength{\topmargin}{-20.8027pt}.

[19pdfTeX warning (ext4): destination with the same identifier (name{figure.7})
 has been already used, duplicate ignored
<argument> ...shipout:D \box_use:N \l_shipout_box 
                                                  
l.599 
      pdfTeX warning (ext4): destination with the same identifier (name{figure.
8}) has been already used, duplicate ignored
<argument> ...shipout:D \box_use:N \l_shipout_box 
                                                  
l.599 
       <./210428_PROGRAMA_DOCUMENTO_TASA_RENTA_files/figure-latex/ranefph-1.pdf
> <./210428_PROGRAMA_DOCUMENTO_TASA_RENTA_files/figure-latex/resph-1.pdf>]
<210428_PROGRAMA_DOCUMENTO_TASA_RENTA_files/figure-latex/scnph-1.pdf, id=327, 4
69.755pt x 266.9975pt>
File: 210428_PROGRAMA_DOCUMENTO_TASA_RENTA_files/figure-latex/scnph-1.pdf Graph
ic file (type pdf)
<use 210428_PROGRAMA_DOCUMENTO_TASA_RENTA_files/figure-latex/scnph-1.pdf>
Package pdftex.def Info: 210428_PROGRAMA_DOCUMENTO_TASA_RENTA_files/figure-late
x/scnph-1.pdf  used on input line 608.
(pdftex.def)             Requested size: 469.75386pt x 266.99683pt.
LaTeX Info: Redefining \. on input line 616.
LaTeX Info: Redefining \% on input line 616.
File: ../input/logo.png Graphic file (type png)
<use ../input/logo.png>
Package pdftex.def Info: ../input/logo.png  used on input line 616.
(pdftex.def)             Requested size: 141.8628pt x 56.90541pt.

Package fancyhdr Warning: \headheight is too small (40.45274pt): 
(fancyhdr)                Make it at least 61.25545pt, for example:
(fancyhdr)                \setlength{\headheight}{61.25545pt}.
(fancyhdr)                You might also make \topmargin smaller to compensate:

(fancyhdr)                \addtolength{\topmargin}{-20.8027pt}.

[20pdfTeX warning (ext4): destination with the same identifier (name{figure.9})
 has been already used, duplicate ignored
<argument> ...shipout:D \box_use:N \l_shipout_box 
                                                  
l.616 
       <./210428_PROGRAMA_DOCUMENTO_TASA_RENTA_files/figure-latex/scnph-1.pdf>]
LaTeX Info: Redefining \. on input line 700.
LaTeX Info: Redefining \% on input line 700.
File: ../input/logo.png Graphic file (type png)
<use ../input/logo.png>
Package pdftex.def Info: ../input/logo.png  used on input line 700.
(pdftex.def)             Requested size: 141.8628pt x 56.90541pt.

Package fancyhdr Warning: \headheight is too small (40.45274pt): 
(fancyhdr)                Make it at least 61.25545pt, for example:
(fancyhdr)                \setlength{\headheight}{61.25545pt}.
(fancyhdr)                You might also make \topmargin smaller to compensate:

(fancyhdr)                \addtolength{\topmargin}{-20.8027pt}.

[21]
LaTeX Info: Redefining \. on input line 748.
LaTeX Info: Redefining \% on input line 748.
File: ../input/logo.png Graphic file (type png)
<use ../input/logo.png>
Package pdftex.def Info: ../input/logo.png  used on input line 748.
(pdftex.def)             Requested size: 141.8628pt x 56.90541pt.

Package fancyhdr Warning: \headheight is too small (40.45274pt): 
(fancyhdr)                Make it at least 61.25545pt, for example:
(fancyhdr)                \setlength{\headheight}{61.25545pt}.
(fancyhdr)                You might also make \topmargin smaller to compensate:

(fancyhdr)                \addtolength{\topmargin}{-20.8027pt}.

[22]
LaTeX Info: Redefining \. on input line 768.
LaTeX Info: Redefining \% on input line 768.
File: ../input/logo.png Graphic file (type png)
<use ../input/logo.png>
Package pdftex.def Info: ../input/logo.png  used on input line 768.
(pdftex.def)             Requested size: 141.8628pt x 56.90541pt.

Package fancyhdr Warning: \headheight is too small (40.45274pt): 
(fancyhdr)                Make it at least 61.25545pt, for example:
(fancyhdr)                \setlength{\headheight}{61.25545pt}.
(fancyhdr)                You might also make \topmargin smaller to compensate:

(fancyhdr)                \addtolength{\topmargin}{-20.8027pt}.

[23]
<210428_PROGRAMA_DOCUMENTO_TASA_RENTA_files/figure-latex/tasanphest-1.pdf, id=3
59, 469.755pt x 266.9975pt>
File: 210428_PROGRAMA_DOCUMENTO_TASA_RENTA_files/figure-latex/tasanphest-1.pdf 
Graphic file (type pdf)
<use 210428_PROGRAMA_DOCUMENTO_TASA_RENTA_files/figure-latex/tasanphest-1.pdf>
Package pdftex.def Info: 210428_PROGRAMA_DOCUMENTO_TASA_RENTA_files/figure-late
x/tasanphest-1.pdf  used on input line 772.
(pdftex.def)             Requested size: 469.75386pt x 266.99683pt.
<210428_PROGRAMA_DOCUMENTO_TASA_RENTA_files/figure-latex/tasanphloc-1.pdf, id=3
60, 469.755pt x 266.9975pt>
File: 210428_PROGRAMA_DOCUMENTO_TASA_RENTA_files/figure-latex/tasanphloc-1.pdf 
Graphic file (type pdf)
<use 210428_PROGRAMA_DOCUMENTO_TASA_RENTA_files/figure-latex/tasanphloc-1.pdf>
Package pdftex.def Info: 210428_PROGRAMA_DOCUMENTO_TASA_RENTA_files/figure-late
x/tasanphloc-1.pdf  used on input line 778.
(pdftex.def)             Requested size: 469.75386pt x 266.99683pt.
<210428_PROGRAMA_DOCUMENTO_TASA_RENTA_files/figure-latex/resfittednph-1.pdf, id
=361, 259.97125pt x 266.9975pt>
File: 210428_PROGRAMA_DOCUMENTO_TASA_RENTA_files/figure-latex/resfittednph-1.pd
f Graphic file (type pdf)
<use 210428_PROGRAMA_DOCUMENTO_TASA_RENTA_files/figure-latex/resfittednph-1.pdf
>
Package pdftex.def Info: 210428_PROGRAMA_DOCUMENTO_TASA_RENTA_files/figure-late
x/resfittednph-1.pdf  used on input line 786.
(pdftex.def)             Requested size: 259.97061pt x 266.99683pt.
<210428_PROGRAMA_DOCUMENTO_TASA_RENTA_files/figure-latex/resboxnph-1.pdf, id=36
2, 469.755pt x 266.9975pt>
File: 210428_PROGRAMA_DOCUMENTO_TASA_RENTA_files/figure-latex/resboxnph-1.pdf G
raphic file (type pdf)
<use 210428_PROGRAMA_DOCUMENTO_TASA_RENTA_files/figure-latex/resboxnph-1.pdf>
Package pdftex.def Info: 210428_PROGRAMA_DOCUMENTO_TASA_RENTA_files/figure-late
x/resboxnph-1.pdf  used on input line 792.
(pdftex.def)             Requested size: 469.75386pt x 266.99683pt.
<210428_PROGRAMA_DOCUMENTO_TASA_RENTA_files/figure-latex/ranefnph-1.pdf, id=363
, 259.97125pt x 266.9975pt>
File: 210428_PROGRAMA_DOCUMENTO_TASA_RENTA_files/figure-latex/ranefnph-1.pdf Gr
aphic file (type pdf)
<use 210428_PROGRAMA_DOCUMENTO_TASA_RENTA_files/figure-latex/ranefnph-1.pdf>
Package pdftex.def Info: 210428_PROGRAMA_DOCUMENTO_TASA_RENTA_files/figure-late
x/ranefnph-1.pdf  used on input line 798.
(pdftex.def)             Requested size: 259.97061pt x 266.99683pt.
<210428_PROGRAMA_DOCUMENTO_TASA_RENTA_files/figure-latex/resnph-1.pdf, id=364, 
259.97125pt x 266.9975pt>
File: 210428_PROGRAMA_DOCUMENTO_TASA_RENTA_files/figure-latex/resnph-1.pdf Grap
hic file (type pdf)
<use 210428_PROGRAMA_DOCUMENTO_TASA_RENTA_files/figure-latex/resnph-1.pdf>
Package pdftex.def Info: 210428_PROGRAMA_DOCUMENTO_TASA_RENTA_files/figure-late
x/resnph-1.pdf  used on input line 804.
(pdftex.def)             Requested size: 259.97061pt x 266.99683pt.
LaTeX Info: Redefining \. on input line 812.
LaTeX Info: Redefining \% on input line 812.
File: ../input/logo.png Graphic file (type png)
<use ../input/logo.png>
Package pdftex.def Info: ../input/logo.png  used on input line 812.
(pdftex.def)             Requested size: 141.8628pt x 56.90541pt.

Package fancyhdr Warning: \headheight is too small (40.45274pt): 
(fancyhdr)                Make it at least 61.25545pt, for example:
(fancyhdr)                \setlength{\headheight}{61.25545pt}.
(fancyhdr)                You might also make \topmargin smaller to compensate:

(fancyhdr)                \addtolength{\topmargin}{-20.8027pt}.

[24pdfTeX warning (ext4): destination with the same identifier (name{figure.10}
) has been already used, duplicate ignored
<argument> ...shipout:D \box_use:N \l_shipout_box 
                                                  
l.812 
       <./210428_PROGRAMA_DOCUMENTO_TASA_RENTA_files/figure-latex/tasanphest-1.
pdf>]
LaTeX Info: Redefining \. on input line 812.
LaTeX Info: Redefining \% on input line 812.
File: ../input/logo.png Graphic file (type png)
<use ../input/logo.png>
Package pdftex.def Info: ../input/logo.png  used on input line 812.
(pdftex.def)             Requested size: 141.8628pt x 56.90541pt.

Package fancyhdr Warning: \headheight is too small (40.45274pt): 
(fancyhdr)                Make it at least 61.25545pt, for example:
(fancyhdr)                \setlength{\headheight}{61.25545pt}.
(fancyhdr)                You might also make \topmargin smaller to compensate:

(fancyhdr)                \addtolength{\topmargin}{-20.8027pt}.

[25pdfTeX warning (ext4): destination with the same identifier (name{figure.11}
) has been already used, duplicate ignored
<argument> ...shipout:D \box_use:N \l_shipout_box 
                                                  
l.812 
      pdfTeX warning (ext4): destination with the same identifier (name{figure.
12}) has been already used, duplicate ignored
<argument> ...shipout:D \box_use:N \l_shipout_box 
                                                  
l.812 
       <./210428_PROGRAMA_DOCUMENTO_TASA_RENTA_files/figure-latex/tasanphloc-1.
pdf> <./210428_PROGRAMA_DOCUMENTO_TASA_RENTA_files/figure-latex/resfittednph-1.
pdf>]
LaTeX Info: Redefining \. on input line 812.
LaTeX Info: Redefining \% on input line 812.
File: ../input/logo.png Graphic file (type png)
<use ../input/logo.png>
Package pdftex.def Info: ../input/logo.png  used on input line 812.
(pdftex.def)             Requested size: 141.8628pt x 56.90541pt.

Package fancyhdr Warning: \headheight is too small (40.45274pt): 
(fancyhdr)                Make it at least 61.25545pt, for example:
(fancyhdr)                \setlength{\headheight}{61.25545pt}.
(fancyhdr)                You might also make \topmargin smaller to compensate:

(fancyhdr)                \addtolength{\topmargin}{-20.8027pt}.

[26pdfTeX warning (ext4): destination with the same identifier (name{figure.13}
) has been already used, duplicate ignored
<argument> ...shipout:D \box_use:N \l_shipout_box 
                                                  
l.812 
      pdfTeX warning (ext4): destination with the same identifier (name{figure.
14}) has been already used, duplicate ignored
<argument> ...shipout:D \box_use:N \l_shipout_box 
                                                  
l.812 
       <./210428_PROGRAMA_DOCUMENTO_TASA_RENTA_files/figure-latex/resboxnph-1.p
df> <./210428_PROGRAMA_DOCUMENTO_TASA_RENTA_files/figure-latex/ranefnph-1.pdf>]
File: ../input/logo.png Graphic file (type png)
<use ../input/logo.png>
Package pdftex.def Info: ../input/logo.png  used on input line 827.
(pdftex.def)             Requested size: 141.8628pt x 56.90541pt.

Package fancyhdr Warning: \headheight is too small (40.45274pt): 
(fancyhdr)                Make it at least 61.25545pt, for example:
(fancyhdr)                \setlength{\headheight}{61.25545pt}.
(fancyhdr)                You might also make \topmargin smaller to compensate:

(fancyhdr)                \addtolength{\topmargin}{-20.8027pt}.

[27pdfTeX warning (ext4): destination with the same identifier (name{figure.15}
) has been already used, duplicate ignored
<argument> ...shipout:D \box_use:N \l_shipout_box 
                                                  
l.827   R
         ealizar estimaciones para usos diferentes al residencial. <./210428_PR
OGRAMA_DOCUMENTO_TASA_RENTA_files/figure-latex/resnph-1.pdf>]
File: ../input/logo.png Graphic file (type png)
<use ../input/logo.png>
Package pdftex.def Info: ../input/logo.png  used on input line 848.
(pdftex.def)             Requested size: 141.8628pt x 56.90541pt.

Package fancyhdr Warning: \headheight is too small (40.45274pt): 
(fancyhdr)                Make it at least 61.25545pt, for example:
(fancyhdr)                \setlength{\headheight}{61.25545pt}.
(fancyhdr)                You might also make \topmargin smaller to compensate:

(fancyhdr)                \addtolength{\topmargin}{-20.8027pt}.

[28] (210428_PROGRAMA_DOCUMENTO_TASA_RENTA.bbl
Underfull \hbox (badness 5105) in paragraph at lines 9--14
[]\T1/lmr/m/n/12 (+20) D. Al-za-te.  Te-sis de maes-tria: Es-ti-ma-cin del n-
di-ce de ren-ta-bi-li-dad in-mo-
 []


Underfull \hbox (badness 5203) in paragraph at lines 9--14
\T1/lmr/m/n/12 (+20) bi-lia-ria sec-to-rial  iris pa-ra vi-vien-da ur-ba-na en
 el mu-ni-ci-pio de me-de-lln.
 []


Underfull \hbox (badness 10000) in paragraph at lines 22--27
[]\T1/lmr/m/n/12 (+20) O. Bo-rre-ro.  Ava-lo de in-mue-bles y ga-ran-tas. bha
n-dar edi-cio-nes lt-da.
 []


Underfull \hbox (badness 10000) in paragraph at lines 22--27
\T1/lmr/m/n/12 (+20) urlhttps://docplayer.es/21369286-Capitulo-9-avaluo-de-arre
ndamientos-autor-oscar-
 []


Underfull \hbox (badness 2158) in paragraph at lines 43--48
[]\T1/lmr/m/n/12 (+20) M. Go-di-nez.  Te-sis de maes-tra: Ta-sas de ca-pi-tal-
zia-cin de mer-ca-do de ca-sas.
 []


Underfull \hbox (badness 10000) in paragraph at lines 62--69
[]\T1/lmr/m/n/12 (+20) H. Me-drano J. Per-la-za M. y Fuen-tes.  Es-ti-ma-cin d
e ta-sas de ca-pi-
 []


Underfull \hbox (badness 10000) in paragraph at lines 62--69
\T1/lmr/m/n/12 (+20) ta-li-za-cin de ren-tas de vi-vien-da ur-ba-na es-tra-to 
3 so-me-ti-das al r-gi-
 []


Underfull \hbox (badness 10000) in paragraph at lines 62--69
\T1/lmr/m/n/12 (+20) men de pro-pie-dad ho-ri-zon-tal en bo-go-t me-dian-te mo
-de-los eco-no-m-tri-cos.
 []

LaTeX Info: Redefining \. on input line 81.
LaTeX Info: Redefining \% on input line 81.
File: ../input/logo.png Graphic file (type png)
<use ../input/logo.png>
Package pdftex.def Info: ../input/logo.png  used on input line 81.
(pdftex.def)             Requested size: 141.8628pt x 56.90541pt.

Package fancyhdr Warning: \headheight is too small (40.45274pt): 
(fancyhdr)                Make it at least 61.25545pt, for example:
(fancyhdr)                \setlength{\headheight}{61.25545pt}.
(fancyhdr)                You might also make \topmargin smaller to compensate:

(fancyhdr)                \addtolength{\topmargin}{-20.8027pt}.

[29]
Underfull \hbox (badness 2828) in paragraph at lines 106--110
[]\T1/lmr/m/n/12 (+20) Valorar S.A.  Ta-sas de ca-pi-ta-li-za-cin de ren-ta en
 vi-vien-da ur-ba-na es-tra-to 2.
 []

)
LaTeX Info: Redefining \. on input line 853.
LaTeX Info: Redefining \% on input line 853.
File: ../input/logo.png Graphic file (type png)
<use ../input/logo.png>
Package pdftex.def Info: ../input/logo.png  used on input line 853.
(pdftex.def)             Requested size: 141.8628pt x 56.90541pt.

Package fancyhdr Warning: \headheight is too small (40.45274pt): 
(fancyhdr)                Make it at least 61.25545pt, for example:
(fancyhdr)                \setlength{\headheight}{61.25545pt}.
(fancyhdr)                You might also make \topmargin smaller to compensate:

(fancyhdr)                \addtolength{\topmargin}{-20.8027pt}.

[30] (210428_PROGRAMA_DOCUMENTO_TASA_RENTA.aux
LaTeX Info: Redefining \. on input line 28.
LaTeX Info: Redefining \% on input line 28.
)

LaTeX Warning: There were multiply-defined labels.

 ) 
Here is how much of TeX's memory you used:
 25995 strings out of 479321
 465597 string characters out of 2856107
 847772 words of memory out of 3000000
 42564 multiletter control sequences out of 15000+600000
 508132 words of font info for 211 fonts, out of 8000000 for 9000
 1141 hyphenation exceptions out of 8191
 87i,16n,88p,1761b,552s stack positions out of 5000i,500n,10000p,200000b,80000s
{C:/Users/Camilo/AppData/Local/Programs/MiKTeX/fonts/enc/dvips/lm/lm-mathsy.e
nc}{C:/Users/Camilo/AppData/Local/Programs/MiKTeX/fonts/enc/dvips/lm/lm-rm.enc}
{C:/Users/Camilo/AppData/Local/Programs/MiKTeX/fonts/enc/dvips/lm/lm-mathit.enc
}{C:/Users/Camilo/AppData/Local/Programs/MiKTeX/fonts/enc/dvips/lm/lm-mathex.en
c}{C:/Users/Camilo/AppData/Local/Programs/MiKTeX/fonts/enc/dvips/lm/lm-ec.enc}<
C:/Users/Camilo/AppData/Local/Programs/MiKTeX/fonts/type1/public/lm/lmbx12.pfb>
<C:/Users/Camilo/AppData/Local/Programs/MiKTeX/fonts/type1/public/lm/lmex10.pfb
><C:/Users/Camilo/AppData/Local/Programs/MiKTeX/fonts/type1/public/lm/lmmi12.pf
b><C:/Users/Camilo/AppData/Local/Programs/MiKTeX/fonts/type1/public/lm/lmmi8.pf
b><C:/Users/Camilo/AppData/Local/Programs/MiKTeX/fonts/type1/public/lm/lmmib10.
pfb><C:/Users/Camilo/AppData/Local/Programs/MiKTeX/fonts/type1/public/lm/lmr10.
pfb><C:/Users/Camilo/AppData/Local/Programs/MiKTeX/fonts/type1/public/lm/lmr12.
pfb><C:/Users/Camilo/AppData/Local/Programs/MiKTeX/fonts/type1/public/lm/lmr17.
pfb><C:/Users/Camilo/AppData/Local/Programs/MiKTeX/fonts/type1/public/lm/lmr7.p
fb><C:/Users/Camilo/AppData/Local/Programs/MiKTeX/fonts/type1/public/lm/lmr8.pf
b><C:/Users/Camilo/AppData/Local/Programs/MiKTeX/fonts/type1/public/lm/lmri12.p
fb><C:/Users/Camilo/AppData/Local/Programs/MiKTeX/fonts/type1/public/lm/lmro12.
pfb><C:/Users/Camilo/AppData/Local/Programs/MiKTeX/fonts/type1/public/lm/lmsy10
.pfb><C:/Users/Camilo/AppData/Local/Programs/MiKTeX/fonts/type1/public/lm/lmsy8
.pfb>
Output written on 210428_PROGRAMA_DOCUMENTO_TASA_RENTA.pdf (30 pages, 943385 by
tes).
PDF statistics:
 603 PDF objects out of 1000 (max. 8388607)
 119 named destinations out of 1000 (max. 500000)
 55525 words of extra memory for PDF output out of 61914 (max. 10000000)

